# MO-IT106 DATA ANALYTICS FUNDAMENTALS - COURSE ACTIVITY LOG
# Complete Academic Journey Documentation - T1-AY2026

## QUICK ENTRY TEMPLATES (Copy these when needed)

### Daily Study Sessions
# [TIMESTAMP] | STUDY | SESSION_START | Focus: [today's topic] | PLANNED
# [TIMESTAMP] | GOAL | TODAY | [specific objectives] | PLANNED
# [TIMESTAMP] | STUDY | SESSION_END | Completed: [accomplishments] | COMPLETED
# [TIMESTAMP] | REFLECTION | PROGRESS | [how you feel about progress] | NOTED

### Learning and Concepts
# [TIMESTAMP] | CONCEPT | [TOPIC] | [understanding gained] | BREAKTHROUGH
# [TIMESTAMP] | LEARNING | [SKILL] | [new knowledge acquired] | INSIGHT
# [TIMESTAMP] | CHALLENGE | [AREA] | [difficulty encountered] | OBSTACLE
# [TIMESTAMP] | SOLUTION | [AREA] | [how problem was solved] | RESOLVED

### Data Analysis Work
# [TIMESTAMP] | ANALYSIS | [DATASET_NAME] | [activity description] | IN_PROGRESS/COMPLETED
# [TIMESTAMP] | VISUALIZATION | [TOOL] | [chart/graph creation] | COMPLETED
# [TIMESTAMP] | STATISTICS | [CONCEPT] | [statistical analysis performed] | COMPLETED
# [TIMESTAMP] | CODING | [LANGUAGE] | [programming work] | IN_PROGRESS/COMPLETED

### Tools and Software
# [TIMESTAMP] | TOOL | [TOOL_NAME] | [learning/usage activity] | PROGRESS/COMPLETED
# [TIMESTAMP] | DATASET | [DATA_SOURCE] | [data collection/preparation] | COMPLETED
# [TIMESTAMP] | PROJECT | [PROJECT_NAME] | [project milestone] | IN_PROGRESS/COMPLETED

### Academic Progress
# [TIMESTAMP] | ASSIGNMENT | [NAME] | [progress status] | IN_PROGRESS/COMPLETED
# [TIMESTAMP] | QUIZ | [QUIZ_NAME] | [preparation or performance] | PLANNED/COMPLETED
# [TIMESTAMP] | EXAM | [EXAM_NAME] | [preparation activities] | PLANNED
# [TIMESTAMP] | REVIEW | [TOPIC] | [review activity] | COMPLETED

================================================================================

## SESSION LOG FORMAT
[TIMESTAMP] | [ACTION_TYPE] | [COMPONENT] | [DESCRIPTION] | [STATUS]

## ACTIVITY LOG
================================================================================

# COURSE INITIALIZATION - SESSION 1724725800
[1724725800] | COURSE | INIT | MO-IT106 Data Analytics Fundamentals logging system initialized | STARTED
[1724725801] | COURSE | SETUP | Academic logging system deployed for comprehensive learning tracking | COMPLETED
[1724725802] | GOAL | SEMESTER | Master data analysis techniques, statistical concepts, and visualization skills | PLANNED
[1724725803] | GOAL | SEMESTER | Achieve A- or better grade through systematic study and documentation | PLANNED
[1724725804] | PLAN | APPROACH | Use daily logging to track progress, identify challenges, document breakthroughs | PLANNED

================================================================================

# COURSE OVERVIEW AND EXPECTATIONS
[1724725805] | COURSE | SCOPE | Topics: descriptive statistics, data visualization, Excel, basic programming, data interpretation | NOTED
[1724725806] | COURSE | MATERIALS | Textbook, Excel software, datasets, online analytics tools, statistical resources | NOTED
[1724725807] | COURSE | ASSESSMENT | Quizzes, data analysis projects, statistical reports, final portfolio | NOTED
[1724725808] | COURSE | TIMELINE | 12-week semester from August through December 2025 | NOTED

================================================================================

# WEEK 1 ACTIVITIES AND GOALS
[1724725810] | PLAN | WEEK_1 | Focus: Course introduction, data fundamentals, basic statistics concepts | PLANNED
[1724725811] | GOAL | WEEK_1 | Complete syllabus review, set up Excel environment, begin statistical basics | PLANNED
[1724725812] | SCHEDULE | WEEK_1 | Study sessions: Mon/Wed/Fri 2 hours, Tue/Thu 1 hour | PLANNED

================================================================================

# LOGGING SYSTEM FEATURES AVAILABLE

## Automated Scripts:
# PowerShell: .\logging-system\scripts\analytics-log.ps1 -Type "ANALYSIS" -Topic "SALES_DATA" -Description "Descriptive statistics" -Status "PROGRESS"
# Batch: .\logging-system\scripts\analytics-entry.bat "VISUALIZATION" "EXCEL_CHARTS" "Created pivot charts" "COMPLETED"

## VS Code Snippets (if configured):
# analyticslog + Tab = Quick log entry with dropdowns
# analyticsstudy + Tab = Study session start template
# analyticsproject + Tab = Project documentation template
# analyticsconcept + Tab = Concept learning template

## Templates Available:
# Daily Study: logging-system/templates/DAILY_STUDY_TEMPLATES.md
# Weekly Review: logging-system/templates/WEEKLY_REVIEW_TEMPLATE.md
# Project Sessions: logging-system/templates/PROJECT_SESSION_TEMPLATE.md
# Assignment Tracking: logging-system/templates/ASSIGNMENT_TRACKING.md
# Exam Preparation: logging-system/templates/EXAM_PREP_TEMPLATE.md

================================================================================

# READY TO BEGIN DATA ANALYTICS JOURNEY!

# Next Actions:
# 1. Start daily study sessions with morning goal-setting
# 2. Document all data analysis exercises with detailed procedures
# 3. Track assignment progress from planning through submission
# 4. Conduct weekly reviews every Sunday evening
# 5. Use system for exam preparation and performance analysis

# Success Metrics:
# - Consistent daily logging (target: 80% of study sessions)
# - Clear documentation of all analysis work and results
# - Systematic assignment tracking with time management
# - Weekly progress reviews with goal adjustment
# - Comprehensive exam preparation with practice tracking

================================================================================

# LOG ENTRY GUIDELINES:

## Entry Types for Data Analytics:
# STUDY - Reading, research, concept review
# LECTURE - Class attendance, notes, key points
# ANALYSIS - Data analysis work, statistical calculations
# VISUALIZATION - Charts, graphs, dashboard creation
# PROJECT - Major assignments, portfolio work
# ASSIGNMENT - Homework, reports, exercises
# QUIZ/EXAM - Preparation, performance, analysis
# CONCEPT - New understanding, breakthroughs
# STATISTICS - Statistical method learning
# TOOL - Software skill development (Excel, R, Python)
# DATASET - Data collection, cleaning, preparation
# CODING - Programming work (if applicable)
# PROGRESS - Weekly/milestone advancement
# CHALLENGE - Difficulties, obstacles
# BREAKTHROUGH - "Aha!" moments, clarity
# REVIEW - Material review, reinforcement
# REFLECTION - Learning effectiveness, feelings
# GOAL - Objectives, targets
# PLAN - Future activities, scheduling

## Status Indicators:
# PLANNED - Something scheduled/intended
# IN_PROGRESS - Currently working on
# COMPLETED - Successfully finished
# RESOLVED - Problem solved
# OBSTACLE - Blocking issue
# INVESTIGATING - Research/analysis mode
# BREAKTHROUGH - Major understanding gained
# POSITIVE - Good progress/feelings
# NOTED - Information recorded
# STARTED - Initial activity
# PROGRESS - Advancement made
# ANALYZED - Analysis completed

================================================================================

# ACADEMIC SUCCESS STRATEGY:

# This logging system supports:
# 1. Time Management - Track actual vs. planned study time
# 2. Concept Mastery - Document understanding progression
# 3. Problem Solving - Record challenges and solutions
# 4. Performance Analysis - Correlate effort with results
# 5. Portfolio Development - Build technical documentation skills
