# MO-SS033 THE CONTEMPORARY WORLD - GLOBAL STUDIES LOG
# Complete Social Sciences Learning Journey Documentation - T1-AY2026

## QUICK ENTRY TEMPLATES (Copy these when needed)

### Global Studies Sessions
# [TIMESTAMP] | STUDY | SESSION_START | Focus: [global topic/region] | PLANNED
# [TIMESTAMP] | GOAL | TODAY | [specific learning objectives] | PLANNED
# [TIMESTAMP] | STUDY | SESSION_END | Completed: [accomplishments] | COMPLETED
# [TIMESTAMP] | INSIGHT | [TOPIC] | [new global understanding gained] | BREAKTHROUGH

### Critical Analysis and Research
# [TIMESTAMP] | ANALYSIS | [GLOBAL_ISSUE] | [analytical examination] | ANALYZED
# [TIMESTAMP] | RESEARCH | [TOPIC] | [source evaluation and findings] | PROGRESS
# [TIMESTAMP] | PERSPECTIVE | [ISSUE] | [multiple viewpoint consideration] | EVALUATED
# [TIMESTAMP] | CURRENT_EVENTS | [EVENT] | [contemporary issue analysis] | NOTED

### Academic Writing and Discussion
# [TIMESTAMP] | ESSAY | [ESSAY_TOPIC] | [writing progress update] | IN_PROGRESS
# [TIMESTAMP] | DISCUSSION | [CLASS_TOPIC] | [participation and insights] | COMPLETED
# [TIMESTAMP] | DEBATE | [ISSUE] | [argument construction] | DEVELOPED
# [TIMESTAMP] | SYNTHESIS | [TOPIC] | [information integration] | COMPLETED

### Learning Progress
# [TIMESTAMP] | CHALLENGE | [CONCEPT] | [difficulty encountered] | OBSTACLE
# [TIMESTAMP] | BREAKTHROUGH | [UNDERSTANDING] | [clarity achieved] | RESOLVED
# [TIMESTAMP] | REFLECTION | [AREA] | [learning assessment] | NOTED
# [TIMESTAMP] | EVALUATION | [SOURCE] | [credibility assessment] | VERIFIED

================================================================================

## SESSION LOG FORMAT
[TIMESTAMP] | [ACTION_TYPE] | [COMPONENT] | [DESCRIPTION] | [STATUS]

## ACTIVITY LOG
================================================================================

# COURSE INITIALIZATION - SESSION 1724726200
[1724726200] | COURSE | INIT | MO-SS033 The Contemporary World logging system initialized | STARTED
[1724726201] | COURSE | SETUP | Global studies learning tracking system deployed for social sciences journey | COMPLETED
[1724726202] | GOAL | SEMESTER | Develop global perspective, critical thinking, and cultural competency | PLANNED
[1724726203] | GOAL | SEMESTER | Master research skills, academic writing, and international awareness | PLANNED
[1724726204] | PLAN | APPROACH | Document all global issue analysis, research work, and perspective development | PLANNED

================================================================================

# COURSE OVERVIEW AND EXPECTATIONS
[1724726205] | COURSE | SCOPE | Topics: globalization, international relations, cultural studies, current events | NOTED
[1724726206] | COURSE | SKILLS | Research methods, critical analysis, academic writing, discussion participation | NOTED
[1724726207] | COURSE | ASSESSMENT | Essays, research projects, class participation, current events analysis | NOTED
[1724726208] | COURSE | TIMELINE | 12-week semester focusing on contemporary global issues and perspectives | NOTED

================================================================================

# WEEK 1 GLOBAL STUDIES GOALS
[1724726210] | PLAN | WEEK_1 | Focus: Course introduction, globalization concepts, research methodology | PLANNED
[1724726211] | GOAL | WEEK_1 | Understand course framework, identify global issues of interest, begin current events tracking | PLANNED
[1724726212] | SCHEDULE | WEEK_1 | Study sessions: Mon/Wed/Fri 2 hours, Tue/Thu 1 hour current events analysis | PLANNED

================================================================================

# GLOBAL COMPETENCY LEARNING OBJECTIVES

## Critical Thinking Skills to Develop:
# - Multiple Perspective Analysis: Considering diverse cultural and national viewpoints
# - Source Evaluation: Assessing credibility, bias, and reliability of information
# - Argument Construction: Building logical, evidence-based positions
# - Cultural Sensitivity: Understanding and respecting different worldviews
# - Current Events Integration: Connecting contemporary issues to historical patterns
# - Research Methodology: Academic standards for international studies

## Global Awareness Goals:
# - Regional Expertise: Deep understanding of specific global regions
# - International Relations: Diplomatic, economic, and cultural connections
# - Contemporary Challenges: Climate change, migration, inequality, conflict
# - Cultural Competency: Cross-cultural communication and understanding
# - Global Citizenship: Ethical responsibility and international engagement

================================================================================

# MAJOR THEMES AND FOCUS AREAS

## Globalization and Economics:
# - Economic systems, trade policies, development disparities
# - Multinational corporations, labor migration, financial integration
# - Technology impact, digital divide, information flow

## Political Systems and Governance:
# - Democracy, authoritarianism, governance models
# - International organizations, sovereignty, global governance
# - Human rights, law, justice systems

## Cultural and Social Issues:
# - Cultural exchange, identity, tradition vs modernity
# - Religion, secularization, cultural conflicts
# - Education, health, social welfare systems

## Environmental and Sustainability:
# - Climate change, environmental policy, sustainable development
# - Resource management, conservation, green technology
# - Environmental justice, global cooperation

================================================================================

# LOGGING SYSTEM FEATURES AVAILABLE

## Automated Scripts:
# PowerShell: .\logging-system\scripts\global-log.ps1 -Type "ANALYSIS" -Topic "CLIMATE_POLICY" -Description "Paris Agreement implementation" -Status "PROGRESS"
# Batch: .\logging-system\scripts\studies-entry.bat "CURRENT_EVENTS" "GEOPOLITICS" "UN Security Council analysis" "COMPLETED"

## VS Code Snippets (when configured):
# globallog + Tab = Quick global studies log entry
# globalanalysis + Tab = Critical analysis template
# globalresearch + Tab = Research documentation
# globalessay + Tab = Essay development tracking

## Templates Available:
# Daily Studies: logging-system/templates/DAILY_STUDIES_TEMPLATES.md
# Weekly Review: logging-system/templates/WEEKLY_GLOBAL_REVIEW.md
# Research Tracking: logging-system/templates/RESEARCH_TRACKING.md
# Critical Analysis: logging-system/templates/CRITICAL_ANALYSIS.md
# Current Events: logging-system/templates/CURRENT_EVENTS_LOG.md

================================================================================

# READY TO BEGIN GLOBAL STUDIES JOURNEY!

# Next Actions:
# 1. Start daily study sessions with global perspective focus
# 2. Track all current events analysis and source evaluation
# 3. Document essay development from thesis to final draft
# 4. Log class discussions and perspective-sharing exercises
# 5. Build comprehensive research portfolio through systematic documentation

# Success Metrics:
# - Consistent global studies session logging (target: 85% of academic work)
# - Clear documentation of critical thinking skill development
# - Comprehensive research methodology and source evaluation
# - Systematic essay writing process with revision tracking
# - Evidence of global awareness and cultural competency growth

================================================================================

# LOG ENTRY GUIDELINES:

## Entry Types for Global Studies:
# STUDY - Reading assignments, textbook chapters, academic articles
# LECTURE - Class notes, key concepts, global issues discussed
# RESEARCH - Information gathering, source evaluation, fact-checking
# ESSAY - Writing assignments, thesis development, argument construction
# DISCUSSION - Class participation, group work, perspective sharing
# EXAM - Assessment preparation, essay practice, knowledge demonstration
# ANALYSIS - Critical examination of global issues, policy evaluation
# PERSPECTIVE - Multiple viewpoint consideration, cultural relativism
# CURRENT_EVENTS - Contemporary global issues, news analysis
# DEBATE - Argument construction, counterpoint consideration
# SYNTHESIS - Information integration, conclusion formation
# EVALUATION - Source credibility, argument assessment
# PROGRESS - Understanding development, competency advancement
# CHALLENGE - Complex concepts, cultural barriers, analytical obstacles
# BREAKTHROUGH - Perspective shifts, clarity, cultural understanding
# INSIGHT - New global connections, pattern recognition
# REFLECTION - Learning assessment, critical thinking evaluation
# GOAL - Global competency objectives, academic targets
# PLAN - Future research, essay development, study planning

## Status Indicators:
# PLANNED - Global study scheduled/intended
# IN_PROGRESS - Currently working on analysis
# COMPLETED - Study/analysis successfully finished
# RESOLVED - Conceptual problem solved
# OBSTACLE - Blocking analytical issue
# INVESTIGATING - Research/exploration mode
# BREAKTHROUGH - Major understanding or perspective shift
# POSITIVE - Good academic progress
# NOTED - Information/insight recorded
# STARTED - Global study initiated
# PROGRESS - Understanding/skill advancement
# ANALYZED - Critical examination completed
# EVALUATED - Assessment/judgment made

================================================================================

# GLOBAL STUDIES SUCCESS STRATEGY:

# This logging system supports:
# 1. Critical Thinking Development - Track analytical skill progression
# 2. Global Perspective Building - Document international awareness growth
# 3. Research Competency - Build academic research and evaluation skills
# 4. Cultural Sensitivity - Develop cross-cultural understanding
# 5. Academic Writing - Improve essay construction and argumentation
# 6. Current Events Integration - Connect contemporary issues to course concepts
# 7. Discussion Preparation - Enhance class participation quality

# Key Focus Areas:
# - Multiple Perspectives: Always consider diverse cultural viewpoints
# - Source Credibility: Evaluate information quality and bias
# - Historical Context: Connect current events to historical patterns
# - Cultural Sensitivity: Respect and understand different worldviews
# - Evidence-Based Arguments: Support positions with credible sources
# - Global Interconnectedness: Recognize how local actions affect global outcomes

# Remember: Every global insight documented today builds international competency for tomorrow!
# Develop your global citizenship systematically! 🌍

================================================================================
