# MO-SS033 THE CONTEMPORARY WORLD - COURSE ACTIVITY LOG
# Complete Academic Journey Documentation - T1-AY2026

## QUICK ENTRY TEMPLATES (Copy these when needed)

### Daily Study Sessions
# [TIMESTAMP] | STUDY | SESSION_START | Focus: [today's topic] | PLANNED
# [TIMESTAMP] | GOAL | TODAY | [specific objectives] | PLANNED
# [TIMESTAMP] | STUDY | SESSION_END | Completed: [accomplishments] | COMPLETED
# [TIMESTAMP] | REFLECTION | PROGRESS | [how you feel about progress] | NOTED

### Learning and Concepts
# [TIMESTAMP] | CONCEPT | [TOPIC] | [understanding gained] | BREAKTHROUGH
# [TIMESTAMP] | LEARNING | [SKILL] | [new knowledge acquired] | INSIGHT
# [TIMESTAMP] | CHALLENGE | [AREA] | [difficulty encountered] | OBSTACLE
# [TIMESTAMP] | SOLUTION | [AREA] | [how problem was solved] | RESOLVED

### Research and Analysis
# [TIMESTAMP] | RESEARCH | [TOPIC] | [research activity] | IN_PROGRESS/COMPLETED
# [TIMESTAMP] | ANALYSIS | [SUBJECT] | [critical analysis work] | COMPLETED
# [TIMESTAMP] | PERSPECTIVE | [ISSUE] | [multiple viewpoint analysis] | ANALYZED
# [TIMESTAMP] | CURRENT_EVENTS | [EVENT] | [contemporary issue study] | EVALUATED

### Writing and Discussion
# [TIMESTAMP] | ESSAY | [TOPIC] | [writing progress] | IN_PROGRESS/COMPLETED
# [TIMESTAMP] | DISCUSSION | [SUBJECT] | [class participation] | COMPLETED
# [TIMESTAMP] | DEBATE | [ISSUE] | [debate participation/preparation] | DISCUSSED
# [TIMESTAMP] | SYNTHESIS | [TOPIC] | [combining multiple sources] | COMPLETED

### Academic Progress
# [TIMESTAMP] | ASSIGNMENT | [NAME] | [progress status] | IN_PROGRESS/COMPLETED
# [TIMESTAMP] | QUIZ | [QUIZ_NAME] | [preparation or performance] | PLANNED/COMPLETED
# [TIMESTAMP] | EXAM | [EXAM_NAME] | [preparation activities] | PLANNED
# [TIMESTAMP] | REVIEW | [TOPIC] | [review activity] | COMPLETED

================================================================================

## SESSION LOG FORMAT
[TIMESTAMP] | [ACTION_TYPE] | [COMPONENT] | [DESCRIPTION] | [STATUS]

## ACTIVITY LOG
================================================================================

# COURSE INITIALIZATION - SESSION 1724725800
[1724725800] | COURSE | INIT | MO-SS033 The Contemporary World logging system initialized | STARTED
[1724725801] | COURSE | SETUP | Academic logging system deployed for comprehensive learning tracking | COMPLETED
[1724725802] | GOAL | SEMESTER | Master global issues, critical thinking, and cross-cultural understanding | PLANNED
[1724725803] | GOAL | SEMESTER | Achieve A- or better grade through systematic study and documentation | PLANNED
[1724725804] | PLAN | APPROACH | Use daily logging to track progress, identify challenges, document breakthroughs | PLANNED

================================================================================

# COURSE OVERVIEW AND EXPECTATIONS
[1724725805] | COURSE | SCOPE | Topics: globalization, international relations, cultural diversity, global challenges | NOTED
[1724725806] | COURSE | MATERIALS | Textbook, current events sources, research databases, multimedia resources | NOTED
[1724725807] | COURSE | ASSESSMENT | Essays, research papers, discussion participation, current events analysis, final exam | NOTED
[1724725808] | COURSE | TIMELINE | 12-week semester from August through December 2025 | NOTED

================================================================================

# WEEK 1 ACTIVITIES AND GOALS
[1724725810] | PLAN | WEEK_1 | Focus: Course introduction, globalization concepts, historical context | PLANNED
[1724725811] | GOAL | WEEK_1 | Complete syllabus review, begin globalization readings, identify research interests | PLANNED
[1724725812] | SCHEDULE | WEEK_1 | Study sessions: Mon/Wed/Fri 2 hours, Tue/Thu 1 hour | PLANNED

================================================================================

# LOGGING SYSTEM FEATURES AVAILABLE

## Automated Scripts:
# PowerShell: .\logging-system\scripts\global-log.ps1 -Type "RESEARCH" -Topic "CLIMATE_POLICY" -Description "International agreements analysis" -Status "PROGRESS"
# Batch: .\logging-system\scripts\global-entry.bat "ANALYSIS" "TRADE_WARS" "Economic impact evaluation" "COMPLETED"

## VS Code Snippets (if configured):
# globallog + Tab = Quick log entry with dropdowns
# globalstudy + Tab = Study session start template
# globalessay + Tab = Essay documentation template
# globalconcept + Tab = Concept learning template

## Templates Available:
# Daily Study: logging-system/templates/DAILY_STUDY_TEMPLATES.md
# Weekly Review: logging-system/templates/WEEKLY_REVIEW_TEMPLATE.md
# Essay Sessions: logging-system/templates/ESSAY_SESSION_TEMPLATE.md
# Assignment Tracking: logging-system/templates/ASSIGNMENT_TRACKING.md
# Exam Preparation: logging-system/templates/EXAM_PREP_TEMPLATE.md

================================================================================

# READY TO BEGIN CONTEMPORARY WORLD JOURNEY!

# Next Actions:
# 1. Start daily study sessions with morning goal-setting
# 2. Document all research and analysis work with detailed insights
# 3. Track assignment progress from planning through submission
# 4. Conduct weekly reviews every Sunday evening
# 5. Use system for exam preparation and performance analysis

# Success Metrics:
# - Consistent daily logging (target: 80% of study sessions)
# - Clear documentation of all research and critical analysis
# - Systematic assignment tracking with time management
# - Weekly progress reviews with goal adjustment
# - Comprehensive exam preparation with practice tracking

================================================================================

# LOG ENTRY GUIDELINES:

## Entry Types for Contemporary World Studies:
# STUDY - Reading, research, concept review
# LECTURE - Class attendance, notes, key points
# RESEARCH - Information gathering, source analysis
# ESSAY - Writing work, thesis development
# DISCUSSION - Class participation, peer interaction
# ANALYSIS - Critical analysis of issues/events
# PERSPECTIVE - Multiple viewpoint examination
# CURRENT_EVENTS - Contemporary issue study
# DEBATE - Debate preparation/participation
# SYNTHESIS - Combining multiple sources/ideas
# EVALUATION - Assessment of policies/situations
# ASSIGNMENT - Homework, papers, projects
# QUIZ/EXAM - Preparation, performance, analysis
# CONCEPT - New understanding, breakthroughs
# INSIGHT - Deep understanding moments
# PROGRESS - Weekly/milestone advancement
# CHALLENGE - Difficulties, obstacles
# BREAKTHROUGH - "Aha!" moments, clarity
# REVIEW - Material review, reinforcement
# REFLECTION - Learning effectiveness, feelings
# GOAL - Objectives, targets
# PLAN - Future activities, scheduling

## Status Indicators:
# PLANNED - Something scheduled/intended
# IN_PROGRESS - Currently working on
# COMPLETED - Successfully finished
# RESOLVED - Problem solved
# OBSTACLE - Blocking issue
# INVESTIGATING - Research/analysis mode
# BREAKTHROUGH - Major understanding gained
# POSITIVE - Good progress/feelings
# NOTED - Information recorded
# STARTED - Initial activity
# PROGRESS - Advancement made
# ANALYZED - Analysis completed
# EVALUATED - Evaluation completed
# DISCUSSED - Discussion completed

================================================================================

# ACADEMIC SUCCESS STRATEGY:

# This logging system supports:
# 1. Time Management - Track actual vs. planned study time
# 2. Concept Mastery - Document understanding progression
# 3. Problem Solving - Record challenges and solutions
# 4. Performance Analysis - Correlate effort with results
# 5. Portfolio Development - Build critical thinking and writing skills
